<?xml version="1.0" encoding="UTF-8"?>
<testng-results skipped="0" failed="0" ignored="0" total="4" passed="4">
  <reporter-output>
  </reporter-output>
  <suite name="search-module" duration-ms="19302" started-at="2023-04-06T16:42:37 IST" finished-at="2023-04-06T16:42:57 IST">
    <groups>
    </groups>
    <test name="search-test-kubernetes" duration-ms="5720" started-at="2023-04-06T16:42:37 IST" finished-at="2023-04-06T16:42:43 IST">
      <class name="com.searchmodule.tests.SearchTest">
        <test-method status="PASS" signature="setupDriver(org.testng.ITestContext)[pri:0, instance:com.searchmodule.tests.SearchTest@66d1af89]" name="setupDriver" is-config="true" duration-ms="1568" started-at="2023-04-06T16:42:38 IST" finished-at="2023-04-06T16:42:39 IST">
          <params>
            <param index="0">
              <value>
                <![CDATA[org.testng.TestRunner@6483f5ae]]>
              </value>
            </param>
          </params>
          <reporter-output>
          </reporter-output>
        </test-method> <!-- setupDriver -->
        <test-method status="PASS" signature="search(java.lang.String)[pri:0, instance:com.searchmodule.tests.SearchTest@66d1af89]" name="search" duration-ms="4022" started-at="2023-04-06T16:42:39 IST" finished-at="2023-04-06T16:42:43 IST">
          <params>
            <param index="0">
              <value>
                <![CDATA[kubernetes]]>
              </value>
            </param>
          </params>
          <reporter-output>
          </reporter-output>
        </test-method> <!-- search -->
        <test-method status="PASS" signature="quitDriver()[pri:0, instance:com.searchmodule.tests.SearchTest@66d1af89]" name="quitDriver" is-config="true" duration-ms="73" started-at="2023-04-06T16:42:43 IST" finished-at="2023-04-06T16:42:43 IST">
          <reporter-output>
          </reporter-output>
        </test-method> <!-- quitDriver -->
      </class> <!-- com.searchmodule.tests.SearchTest -->
    </test> <!-- search-test-kubernetes -->
    <test name="search-test-docker" duration-ms="10343" started-at="2023-04-06T16:42:37 IST" finished-at="2023-04-06T16:42:48 IST">
      <class name="com.searchmodule.tests.SearchTest">
        <test-method status="PASS" signature="setupDriver(org.testng.ITestContext)[pri:0, instance:com.searchmodule.tests.SearchTest@6a1aab78]" name="setupDriver" is-config="true" duration-ms="6609" started-at="2023-04-06T16:42:38 IST" finished-at="2023-04-06T16:42:44 IST">
          <params>
            <param index="0">
              <value>
                <![CDATA[org.testng.TestRunner@382db087]]>
              </value>
            </param>
          </params>
          <reporter-output>
          </reporter-output>
        </test-method> <!-- setupDriver -->
        <test-method status="PASS" signature="search(java.lang.String)[pri:0, instance:com.searchmodule.tests.SearchTest@6a1aab78]" name="search" duration-ms="3563" started-at="2023-04-06T16:42:44 IST" finished-at="2023-04-06T16:42:48 IST">
          <params>
            <param index="0">
              <value>
                <![CDATA[docker]]>
              </value>
            </param>
          </params>
          <reporter-output>
          </reporter-output>
        </test-method> <!-- search -->
        <test-method status="PASS" signature="quitDriver()[pri:0, instance:com.searchmodule.tests.SearchTest@6a1aab78]" name="quitDriver" is-config="true" duration-ms="152" started-at="2023-04-06T16:42:48 IST" finished-at="2023-04-06T16:42:48 IST">
          <reporter-output>
          </reporter-output>
        </test-method> <!-- quitDriver -->
      </class> <!-- com.searchmodule.tests.SearchTest -->
    </test> <!-- search-test-docker -->
    <test name="search-test-java" duration-ms="14628" started-at="2023-04-06T16:42:37 IST" finished-at="2023-04-06T16:42:52 IST">
      <class name="com.searchmodule.tests.SearchTest">
        <test-method status="PASS" signature="setupDriver(org.testng.ITestContext)[pri:0, instance:com.searchmodule.tests.SearchTest@27808f31]" name="setupDriver" is-config="true" duration-ms="11230" started-at="2023-04-06T16:42:38 IST" finished-at="2023-04-06T16:42:49 IST">
          <params>
            <param index="0">
              <value>
                <![CDATA[org.testng.TestRunner@8b87145]]>
              </value>
            </param>
          </params>
          <reporter-output>
          </reporter-output>
        </test-method> <!-- setupDriver -->
        <test-method status="PASS" signature="search(java.lang.String)[pri:0, instance:com.searchmodule.tests.SearchTest@27808f31]" name="search" duration-ms="3246" started-at="2023-04-06T16:42:49 IST" finished-at="2023-04-06T16:42:52 IST">
          <params>
            <param index="0">
              <value>
                <![CDATA[java]]>
              </value>
            </param>
          </params>
          <reporter-output>
          </reporter-output>
        </test-method> <!-- search -->
        <test-method status="PASS" signature="quitDriver()[pri:0, instance:com.searchmodule.tests.SearchTest@27808f31]" name="quitDriver" is-config="true" duration-ms="136" started-at="2023-04-06T16:42:52 IST" finished-at="2023-04-06T16:42:52 IST">
          <reporter-output>
          </reporter-output>
        </test-method> <!-- quitDriver -->
      </class> <!-- com.searchmodule.tests.SearchTest -->
    </test> <!-- search-test-java -->
    <test name="search-test-webdriver" duration-ms="19302" started-at="2023-04-06T16:42:37 IST" finished-at="2023-04-06T16:42:57 IST">
      <class name="com.searchmodule.tests.SearchTest">
        <test-method status="PASS" signature="setupDriver(org.testng.ITestContext)[pri:0, instance:com.searchmodule.tests.SearchTest@11758f2a]" name="setupDriver" is-config="true" duration-ms="15545" started-at="2023-04-06T16:42:38 IST" finished-at="2023-04-06T16:42:53 IST">
          <params>
            <param index="0">
              <value>
                <![CDATA[org.testng.TestRunner@b9afc07]]>
              </value>
            </param>
          </params>
          <reporter-output>
          </reporter-output>
        </test-method> <!-- setupDriver -->
        <test-method status="PASS" signature="search(java.lang.String)[pri:0, instance:com.searchmodule.tests.SearchTest@11758f2a]" name="search" duration-ms="3550" started-at="2023-04-06T16:42:53 IST" finished-at="2023-04-06T16:42:57 IST">
          <params>
            <param index="0">
              <value>
                <![CDATA[webdriver]]>
              </value>
            </param>
          </params>
          <reporter-output>
          </reporter-output>
        </test-method> <!-- search -->
        <test-method status="PASS" signature="quitDriver()[pri:0, instance:com.searchmodule.tests.SearchTest@11758f2a]" name="quitDriver" is-config="true" duration-ms="190" started-at="2023-04-06T16:42:57 IST" finished-at="2023-04-06T16:42:57 IST">
          <reporter-output>
          </reporter-output>
        </test-method> <!-- quitDriver -->
      </class> <!-- com.searchmodule.tests.SearchTest -->
    </test> <!-- search-test-webdriver -->
  </suite> <!-- search-module -->
</testng-results>
